Vivado Simulator v2024.2.0
Copyright 1986-2022 Xilinx, Inc. All Rights Reserved.
Copyright 2022-2024 Advanced Micro Devices, Inc. All Rights Reserved.
Running: C:/Xilinx/Vivado/2024.2/bin/unwrapped/win64.o/xelab.exe --incr --debug typical --relax --mt 2 -L xil_defaultlib -L unisims_ver -L unimacro_ver -L secureip --snapshot tb_ahb2apb_behav xil_defaultlib.tb_ahb2apb xil_defaultlib.glbl -log elaborate.log 
Using 2 slave threads.
Starting static elaboration
Pass Through NonSizing Optimizer
Completed static elaboration
Starting simulation data flow analysis
WARNING: [XSIM 43-4099] "C:/Users/YOGAVELAN/OneDrive/Desktop/YOGAVELAN M D/PROJECTS/ahb2apb_bridge/ahb2apb_bridge.srcs/sources_1/new/ahb2apb_bridge.v" Line 1. Module ahb2apb_bridge doesn't have a timescale but at least one module in design has a timescale.
WARNING: [XSIM 43-4099] "C:/Users/YOGAVELAN/OneDrive/Desktop/YOGAVELAN M D/PROJECTS/ahb2apb_bridge/ahb2apb_bridge.srcs/sources_1/new/ahb_slave_interface.v" Line 1. Module ahb_slave_interface doesn't have a timescale but at least one module in design has a timescale.
WARNING: [XSIM 43-4099] "C:/Users/YOGAVELAN/OneDrive/Desktop/YOGAVELAN M D/PROJECTS/ahb2apb_bridge/ahb2apb_bridge.srcs/sources_1/new/apb_controller.v" Line 1. Module apb_controller doesn't have a timescale but at least one module in design has a timescale.
WARNING: [XSIM 43-4099] "C:/Users/YOGAVELAN/OneDrive/Desktop/YOGAVELAN M D/PROJECTS/ahb2apb_bridge/ahb2apb_bridge.srcs/sources_1/new/ahb2apb_bridge.v" Line 1. Module ahb2apb_bridge doesn't have a timescale but at least one module in design has a timescale.
WARNING: [XSIM 43-4099] "C:/Users/YOGAVELAN/OneDrive/Desktop/YOGAVELAN M D/PROJECTS/ahb2apb_bridge/ahb2apb_bridge.srcs/sources_1/new/ahb_slave_interface.v" Line 1. Module ahb_slave_interface doesn't have a timescale but at least one module in design has a timescale.
WARNING: [XSIM 43-4099] "C:/Users/YOGAVELAN/OneDrive/Desktop/YOGAVELAN M D/PROJECTS/ahb2apb_bridge/ahb2apb_bridge.srcs/sources_1/new/apb_controller.v" Line 1. Module apb_controller doesn't have a timescale but at least one module in design has a timescale.
Completed simulation data flow analysis
Time Resolution for simulation is 1ps
Compiling module xil_defaultlib.ahb_slave_interface
Compiling module xil_defaultlib.apb_controller
Compiling module xil_defaultlib.ahb2apb_bridge
Compiling module xil_defaultlib.tb_ahb2apb
Compiling module xil_defaultlib.glbl
Built simulation snapshot tb_ahb2apb_behav
